c:\users\kout\source\repos\openglf\openglf\debug\vc141.pdb
c:\users\kout\source\repos\openglf\openglf\debug\vc141.idb
c:\users\kout\source\repos\openglf\openglf\debug\gamestate.obj
c:\users\kout\source\repos\openglf\openglf\debug\gameresourcemanager.obj
c:\users\kout\source\repos\openglf\openglf\debug\gameragid.obj
c:\users\kout\source\repos\openglf\openglf\debug\gamemain.obj
c:\users\kout\source\repos\openglf\openglf\debug\font.obj
c:\users\kout\source\repos\openglf\openglf\debug\dynamiccube.obj
c:\users\kout\source\repos\openglf\openglf\debug\cubeobject.obj
c:\users\kout\source\repos\openglf\openglf\debug\cubemap.obj
c:\users\kout\source\repos\openglf\openglf\debug\controller.obj
c:\users\kout\source\repos\openglf\openglf\debug\collidersphere.obj
c:\users\kout\source\repos\openglf\openglf\debug\colliderobject.obj
c:\users\kout\source\repos\openglf\openglf\debug\collidercube.obj
c:\users\kout\source\repos\openglf\openglf\debug\class.obj
c:\users\kout\source\repos\openglf\openglf\debug\camera.obj
c:\users\kout\source\repos\openglf\openglf\debug\ballsim.obj
c:\users\kout\source\repos\openglf\openglf\debug\ballshooter.obj
c:\users\kout\source\repos\openglf\openglf\debug\ballobject.obj
c:\users\kout\source\repos\openglf\openglf\debug\ballingame.obj
c:\users\kout\source\repos\openglf\openglf\debug\ballcursur.obj
c:\users\kout\source\repos\openglf\openglf\debug\audio.obj
c:\users\kout\source\repos\openglf\openglf\debug\ragidobject.obj
c:\users\kout\source\repos\openglf\openglf\debug\ragid.obj
c:\users\kout\source\repos\openglf\openglf\debug\quaternion.obj
c:\users\kout\source\repos\openglf\openglf\debug\pongmain.obj
c:\users\kout\source\repos\openglf\openglf\debug\play.obj
c:\users\kout\source\repos\openglf\openglf\debug\plane.obj
c:\users\kout\source\repos\openglf\openglf\debug\perspectivecamera.obj
c:\users\kout\source\repos\openglf\openglf\debug\particletest.obj
c:\users\kout\source\repos\openglf\openglf\debug\orthocamera.obj
c:\users\kout\source\repos\openglf\openglf\debug\octtree.obj
c:\users\kout\source\repos\openglf\openglf\debug\object.obj
c:\users\kout\source\repos\openglf\openglf\debug\model.obj
c:\users\kout\source\repos\openglf\openglf\debug\matrix.obj
c:\users\kout\source\repos\openglf\openglf\debug\mathandphysic.obj
c:\users\kout\source\repos\openglf\openglf\debug\mainlight.obj
c:\users\kout\source\repos\openglf\openglf\debug\main.obj
c:\users\kout\source\repos\openglf\openglf\debug\joypad.obj
c:\users\kout\source\repos\openglf\openglf\debug\inwave.obj
c:\users\kout\source\repos\openglf\openglf\debug\inputsystemmanager.obj
c:\users\kout\source\repos\openglf\openglf\debug\initshader.obj
c:\users\kout\source\repos\openglf\openglf\debug\window.obj
c:\users\kout\source\repos\openglf\openglf\debug\wave.obj
c:\users\kout\source\repos\openglf\openglf\debug\vector.obj
c:\users\kout\source\repos\openglf\openglf\debug\title.obj
c:\users\kout\source\repos\openglf\openglf\debug\texturepack.obj
c:\users\kout\source\repos\openglf\openglf\debug\textureh.obj
c:\users\kout\source\repos\openglf\openglf\debug\staticobject.obj
c:\users\kout\source\repos\openglf\openglf\debug\staticcube.obj
c:\users\kout\source\repos\openglf\openglf\debug\soundplayer.obj
c:\users\kout\source\repos\openglf\openglf\debug\solidshapeindex.obj
c:\users\kout\source\repos\openglf\openglf\debug\solidshape.obj
c:\users\kout\source\repos\openglf\openglf\debug\skybox.obj
c:\users\kout\source\repos\openglf\openglf\debug\shapeindex.obj
c:\users\kout\source\repos\openglf\openglf\debug\shape.obj
c:\users\kout\source\repos\openglf\openglf\debug\shadowfbo.obj
c:\users\kout\source\repos\openglf\openglf\debug\shader.obj
c:\users\kout\source\repos\openglf\openglf\debug\stb_image.obj
c:\users\kout\source\repos\openglf\openglf\debug\openglf.tlog\cl.command.1.tlog
c:\users\kout\source\repos\openglf\openglf\debug\openglf.tlog\cl.read.1.tlog
c:\users\kout\source\repos\openglf\openglf\debug\openglf.tlog\cl.write.1.tlog
c:\users\kout\source\repos\openglf\openglf\debug\openglf.tlog\link.command.1.tlog
c:\users\kout\source\repos\openglf\openglf\debug\openglf.tlog\link.read.1.tlog
c:\users\kout\source\repos\openglf\openglf\debug\openglf.tlog\link.write.1.tlog
